connect.php included at 2025-04-29 01:20:59 by /online_tutor_website/likes.php
connect.php included at 2025-04-29 01:23:30 by /online_tutor_website/profile.php
connect.php included at 2025-04-29 01:23:31 by /online_tutor_website/profile.php
connect.php included at 2025-04-29 01:23:41 by /online_tutor_website/register.php
connect.php included at 2025-04-29 01:24:11 by /online_tutor_website/admin/admin_approvals.php
connect.php included at 2025-04-29 01:24:15 by /online_tutor_website/admin/admin_approvals.php
connect.php included at 2025-04-29 01:24:16 by /online_tutor_website/admin/admin_approvals.php
connect.php included at 2025-04-29 01:24:37 by /online_tutor_website/admin/admin_approvals.php
connect.php included at 2025-04-29 01:24:38 by /online_tutor_website/admin/admin_approvals.php
connect.php included at 2025-04-29 01:24:45 by /online_tutor_website/admin/add_content.php
connect.php included at 2025-04-29 01:24:47 by /online_tutor_website/admin/add_content.php
connect.php included at 2025-04-29 01:24:56 by /online_tutor_website/admin/add_content.php
connect.php included at 2025-04-29 01:25:03 by /online_tutor_website/login.php
connect.php included at 2025-04-29 01:25:14 by /online_tutor_website/login.php
connect.php included at 2025-04-29 01:25:14 by /online_tutor_website/profile.php
connect.php included at 2025-04-29 01:25:28 by /online_tutor_website/admin/login.php
connect.php included at 2025-04-29 01:25:39 by /online_tutor_website/admin/login.php
connect.php included at 2025-04-29 01:25:39 by /online_tutor_website/admin/dashboard.php
connect.php included at 2025-04-29 01:26:00 by /online_tutor_website/admin/dashboard.php
connect.php included at 2025-04-29 01:26:01 by /online_tutor_website/admin/dashboard.php
connect.php included at 2025-04-29 01:26:11 by /online_tutor_website/admin/dashboard.php
connect.php included at 2025-04-29 01:26:12 by /online_tutor_website/admin/dashboard.php
connect.php included at 2025-04-29 01:26:37 by /online_tutor_website/admin/admin_approvals.php
connect.php included at 2025-04-29 01:27:20 by /online_tutor_website/admin/admin_approvals.php
connect.php included at 2025-04-29 01:27:21 by /online_tutor_website/admin/admin_approvals.php
connect.php included at 2025-04-29 01:27:23 by /online_tutor_website/admin/admin_approvals.php
connect.php included at 2025-04-29 01:27:28 by /online_tutor_website/admin/admin_approvals.php
connect.php included at 2025-04-29 01:27:33 by /online_tutor_website/admin/dashboard.php
connect.php included at 2025-04-29 01:29:57 by /online_tutor_website/admin/dashboard.php
connect.php included at 2025-04-29 01:30:06 by /online_tutor_website/update.php
connect.php included at 2025-04-29 01:30:26 by /online_tutor_website/profile.php
connect.php included at 2025-04-29 14:58:10 by /online_tutor_website/login.php
connect.php included at 2025-04-29 14:58:18 by /online_tutor_website/login.php
connect.php included at 2025-04-29 14:58:18 by /online_tutor_website/profile.php
connect.php included at 2025-04-29 14:58:33 by /online_tutor_website/profile.php
connect.php included at 2025-04-29 15:00:16 by /online_tutor_website/profile.php
connect.php included at 2025-04-29 15:00:19 by /online_tutor_website/login.php
connect.php included at 2025-04-29 15:00:23 by /online_tutor_website/login.php
connect.php included at 2025-04-29 15:00:36 by /online_tutor_website/login.php
connect.php included at 2025-04-29 15:00:36 by /online_tutor_website/profile.php
connect.php included at 2025-04-29 15:00:56 by /online_tutor_website/update.php
connect.php included at 2025-04-29 15:27:36 by /online_tutor_website/comments.php
